SF:lib/endpoints/authentications/data/models/authentication_model.dart
DA:20,1
DA:21,1
LF:2
LH:2
end_of_record
SF:lib/endpoints/authentications/data/models/authentication_model.g.dart
DA:9,1
DA:11,1
DA:12,1
DA:13,1
DA:14,1
DA:15,1
DA:16,1
DA:17,1
DA:18,1
DA:19,1
DA:22,0
DA:24,0
DA:25,0
DA:26,0
DA:27,0
DA:28,0
DA:29,0
DA:30,0
DA:31,0
DA:32,0
LF:20
LH:10
end_of_record
SF:lib/endpoints/authentications/data/repositories/authentication_repository_impl.dart
DA:16,1
DA:21,1
DA:26,2
DA:27,2
DA:28,1
DA:30,1
DA:31,2
DA:32,2
DA:33,2
DA:34,1
DA:36,2
DA:38,1
DA:40,1
DA:41,1
DA:45,1
DA:50,1
LF:16
LH:16
end_of_record
SF:lib/endpoints/authentications/domain/entities/authentication_entity.dart
DA:20,0
DA:21,0
DA:24,1
DA:25,1
DA:26,1
DA:27,1
DA:28,1
DA:29,1
DA:30,1
DA:31,1
DA:32,1
DA:33,1
LF:12
LH:10
end_of_record
SF:lib/endpoints/authentications/domain/entities/authentication_entity.g.dart
DA:9,0
DA:11,0
DA:12,0
DA:13,0
DA:14,0
DA:15,0
DA:16,0
DA:17,0
DA:18,0
DA:19,0
DA:22,0
DA:24,0
DA:25,0
DA:26,0
DA:27,0
DA:28,0
DA:29,0
DA:30,0
DA:31,0
DA:32,0
LF:20
LH:0
end_of_record
SF:lib/endpoints/authentications/domain/entities/authentication_parameter_entity.dart
DA:13,0
DA:14,0
LF:2
LH:0
end_of_record
SF:lib/endpoints/authentications/domain/entities/authentication_parameter_entity.g.dart
DA:9,0
DA:11,0
DA:12,0
DA:13,0
DA:16,1
DA:18,1
DA:19,1
DA:20,1
LF:8
LH:4
end_of_record
SF:lib/utils/endpoint_constants.dart
DA:2,0
DA:3,2
DA:4,2
DA:8,1
DA:9,1
DA:13,1
DA:14,1
LF:7
LH:6
end_of_record
